<?xml version="1.0" encoding="UTF-8"?>
<testsuite xmlns:xsi="http://www.w3.org/2001/XMLSchema-instance" xsi:noNamespaceSchemaLocation="https://maven.apache.org/surefire/maven-surefire-plugin/xsd/surefire-test-report-3.0.xsd" version="3.0" name="com.support.controller.TicketControllerIntegrationTest" time="12.317" tests="6" errors="0" skipped="0" failures="0">
  <properties>
[...]
</properties>
  <testcase name="testCreateTicket_ApiSuccess" classname="com.support.controller.TicketControllerIntegrationTest" time="2.223">
    <system-out><![CDATA[21:06:09.518 [main] INFO org.springframework.test.context.support.AnnotationConfigContextLoaderUtils -- Could not detect default configuration classes for test class [com.support.controller.TicketControllerIntegrationTest]: TicketControllerIntegrationTest does not declare any static, non-private, non-final, nested classes annotated with @Configuration.
21:06:09.696 [main] INFO org.springframework.boot.test.context.SpringBootTestContextBootstrapper -- Found @SpringBootConfiguration com.support.CustomerSupportApplication for test class com.support.controller.TicketControllerIntegrationTest

  .   ____          _            __ _ _
 /\\ / ___'_ __ _ _(_)_ __  __ _ \ \ \ \
( ( )\___ | '_ | '_| | '_ \/ _` | \ \ \ \
 \\/  ___)| |_)| | | | | || (_| |  ) ) ) )
  '  |____| .__|_| |_|_| |_\__, | / / / /
 =========|_|==============|___/=/_/_/_/
 :: Spring Boot ::                (v3.2.5)

2026-08-22T21:06:10.226+05:30  INFO 38520 --- [           main] c.s.c.TicketControllerIntegrationTest    : Starting TicketControllerIntegrationTest using Java 21.0.11 with PID 38520 (started by SaiDeepthiSamineni in C:\customer-support)
2026-08-22T21:06:10.226+05:30  INFO 38520 --- [           main] c.s.c.TicketControllerIntegrationTest    : No active profile set, falling back to 1 default profile: "default"
2026-08-22T21:06:11.150+05:30  INFO 38520 --- [           main] .s.d.r.c.RepositoryConfigurationDelegate : Bootstrapping Spring Data JPA repositories in DEFAULT mode.
2026-08-22T21:06:11.236+05:30  INFO 38520 --- [           main] .s.d.r.c.RepositoryConfigurationDelegate : Finished Spring Data repository scanning in 80 ms. Found 3 JPA repository interfaces.
2026-08-22T21:06:11.831+05:30  INFO 38520 --- [           main] o.hibernate.jpa.internal.util.LogHelper  : HHH000204: Processing PersistenceUnitInfo [name: default]
2026-08-22T21:06:11.993+05:30  INFO 38520 --- [           main] org.hibernate.Version                    : HHH000412: Hibernate ORM core version 6.4.4.Final
2026-08-22T21:06:12.045+05:30  INFO 38520 --- [           main] o.h.c.internal.RegionFactoryInitiator    : HHH000026: Second-level cache disabled
2026-08-22T21:06:12.522+05:30  INFO 38520 --- [           main] o.s.o.j.p.SpringPersistenceUnitInfo      : No LoadTimeWeaver setup: ignoring JPA class transformer
2026-08-22T21:06:12.564+05:30  INFO 38520 --- [           main] com.zaxxer.hikari.HikariDataSource       : HikariPool-1 - Starting...
2026-08-22T21:06:12.811+05:30  INFO 38520 --- [           main] com.zaxxer.hikari.pool.HikariPool        : HikariPool-1 - Added connection conn0: url=jdbc:h2:mem:supportdb user=SA
2026-08-22T21:06:12.813+05:30  INFO 38520 --- [           main] com.zaxxer.hikari.HikariDataSource       : HikariPool-1 - Start completed.
2026-08-22T21:06:12.851+05:30  WARN 38520 --- [           main] org.hibernate.orm.deprecation            : HHH90000025: H2Dialect does not need to be specified explicitly using 'hibernate.dialect' (remove the property setting and it will be selected by default)
2026-08-22T21:06:14.220+05:30  INFO 38520 --- [           main] o.h.e.t.j.p.i.JtaPlatformInitiator       : HHH000489: No JTA platform available (set 'hibernate.transaction.jta.platform' to enable JTA platform integration)
2026-08-22T21:06:14.351+05:30  INFO 38520 --- [           main] j.LocalContainerEntityManagerFactoryBean : Initialized JPA EntityManagerFactory for persistence unit 'default'
2026-08-22T21:06:15.510+05:30  INFO 38520 --- [           main] o.s.d.j.r.query.QueryEnhancerFactory     : Hibernate is in classpath; If applicable, HQL parser will be used.
2026-08-22T21:06:17.733+05:30  WARN 38520 --- [           main] JpaBaseConfiguration$JpaWebConfiguration : spring.jpa.open-in-view is enabled by default. Therefore, database queries may be performed during view rendering. Explicitly configure spring.jpa.open-in-view to disable this warning
2026-08-22T21:06:17.791+05:30  INFO 38520 --- [           main] o.s.b.a.w.s.WelcomePageHandlerMapping    : Adding welcome page: class path resource [static/index.html]
2026-08-22T21:06:18.634+05:30  INFO 38520 --- [           main] o.s.b.a.h2.H2ConsoleAutoConfiguration    : H2 console available at '/h2-console'. Database available at 'jdbc:h2:mem:supportdb'
2026-08-22T21:06:18.919+05:30  INFO 38520 --- [           main] o.s.b.t.m.w.SpringBootMockServletContext : Initializing Spring TestDispatcherServlet ''
2026-08-22T21:06:18.919+05:30  INFO 38520 --- [           main] o.s.t.web.servlet.TestDispatcherServlet  : Initializing Servlet ''
2026-08-22T21:06:18.924+05:30  INFO 38520 --- [           main] o.s.t.web.servlet.TestDispatcherServlet  : Completed initialization in 0 ms
2026-08-22T21:06:18.968+05:30  INFO 38520 --- [           main] c.s.c.TicketControllerIntegrationTest    : Started TicketControllerIntegrationTest in 9.068 seconds (process running for 10.733)
]]></system-out>
    <system-err><![CDATA[WARNING: A Java agent has been loaded dynamically (C:\Users\SaiDeepthiSamineni\.m2\repository\net\bytebuddy\byte-buddy-agent\1.14.13\byte-buddy-agent-1.14.13.jar)
WARNING: If a serviceability tool is in use, please run with -XX:+EnableDynamicAgentLoading to hide this warning
WARNING: If a serviceability tool is not in use, please run with -Djdk.instrument.traceUsage for more information
WARNING: Dynamic loading of agents will be disallowed by default in a future release
]]></system-err>
  </testcase>
  <testcase name="testFullTicketLifecycle" classname="com.support.controller.TicketControllerIntegrationTest" time="0.117"/>
  <testcase name="testGetCustomersAndAgents" classname="com.support.controller.TicketControllerIntegrationTest" time="0.033"/>
  <testcase name="testGetStats_ApiSuccess" classname="com.support.controller.TicketControllerIntegrationTest" time="0.043"/>
  <testcase name="testCreateTicket_ValidationFailure" classname="com.support.controller.TicketControllerIntegrationTest" time="0.016"/>
  <testcase name="testSearchTickets" classname="com.support.controller.TicketControllerIntegrationTest" time="0.108"/>
</testsuite>